0 info it worked if it ends with ok
1 verbose cli [ '/usr/local/Cellar/node/6.4.0/bin/node',
1 verbose cli   '/usr/local/bin/npm',
1 verbose cli   'run',
1 verbose cli   'watch' ]
2 info using npm@4.1.2
3 info using node@v7.6.0
4 verbose run-script [ 'prewatch', 'watch', 'postwatch' ]
5 info lifecycle ball@1.0.0~prewatch: ball@1.0.0
6 silly lifecycle ball@1.0.0~prewatch: no script for prewatch, continuing
7 info lifecycle ball@1.0.0~watch: ball@1.0.0
8 verbose lifecycle ball@1.0.0~watch: unsafe-perm in lifecycle true
9 verbose lifecycle ball@1.0.0~watch: PATH: /usr/local/lib/node_modules/npm/bin/node-gyp-bin:/Users/kevinmahoney/Dev/ball/node_modules/.bin:/Library/Frameworks/Python.framework/Versions/3.6/bin:/Users/kevinmahoney/.rvm/gems/ruby-2.3.0/bin:/Users/kevinmahoney/.rvm/gems/ruby-2.3.0@global/bin:/Users/kevinmahoney/.rvm/rubies/ruby-2.3.0/bin:/usr/local/bin:/usr/local/bin:/usr/bin:/bin:/usr/sbin:/sbin:/Applications/Postgres.app/Contents/Versions/latest/bin:/Users/kevinmahoney/.rvm/bin
10 verbose lifecycle ball@1.0.0~watch: CWD: /Users/kevinmahoney/Dev/ball
11 silly lifecycle ball@1.0.0~watch: Args: [ '-c', 'watchify public/app.js -o public/bundle.js' ]
12 silly lifecycle ball@1.0.0~watch: Returned: code: 1  signal: null
13 info lifecycle ball@1.0.0~watch: Failed to exec watch script
14 verbose stack Error: ball@1.0.0 watch: `watchify public/app.js -o public/bundle.js`
14 verbose stack Exit status 1
14 verbose stack     at EventEmitter.<anonymous> (/usr/local/lib/node_modules/npm/lib/utils/lifecycle.js:279:16)
14 verbose stack     at emitTwo (events.js:106:13)
14 verbose stack     at EventEmitter.emit (events.js:192:7)
14 verbose stack     at ChildProcess.<anonymous> (/usr/local/lib/node_modules/npm/lib/utils/spawn.js:40:14)
14 verbose stack     at emitTwo (events.js:106:13)
14 verbose stack     at ChildProcess.emit (events.js:192:7)
14 verbose stack     at maybeClose (internal/child_process.js:890:16)
14 verbose stack     at Process.ChildProcess._handle.onexit (internal/child_process.js:226:5)
15 verbose pkgid ball@1.0.0
16 verbose cwd /Users/kevinmahoney/Dev/ball
17 error Darwin 15.6.0
18 error argv "/usr/local/Cellar/node/6.4.0/bin/node" "/usr/local/bin/npm" "run" "watch"
19 error node v7.6.0
20 error npm  v4.1.2
21 error code ELIFECYCLE
22 error ball@1.0.0 watch: `watchify public/app.js -o public/bundle.js`
22 error Exit status 1
23 error Failed at the ball@1.0.0 watch script 'watchify public/app.js -o public/bundle.js'.
23 error Make sure you have the latest version of node.js and npm installed.
23 error If you do, this is most likely a problem with the ball package,
23 error not with npm itself.
23 error Tell the author that this fails on your system:
23 error     watchify public/app.js -o public/bundle.js
23 error You can get information on how to open an issue for this project with:
23 error     npm bugs ball
23 error Or if that isn't available, you can get their info via:
23 error     npm owner ls ball
23 error There is likely additional logging output above.
24 verbose exit [ 1, true ]
